Version: 					2.0.1
Release Date:				May 6, 2018
Supported Splunk versions:	Splunk version 6.5.x, 6.6.x, 7.0.x, 7.1.x
Splunk Cloud support:		Community Support
Summary:
This is the major version upgrade of the Splunk support add-on from pervious
version. The new version is based on the ArcSight CEF version 25 (released 
September 28, 2017) with some new features.

In this version:
-  Fix the dynamic field extraction bugs for the additional fields (ad.someFieldNameHere);
-  Extended the field extractions and included the additional fields which
      are not commonly used across three main ArcSight ingestion platforms
      (ESM, Investigator, Logger).
-  Updated Additional comments in the configuration files to explain the design and 
      use cases of the stanzas.
-  Updated the additional configuration samples of different types of deployments.
-  Community support on the rule based field extractions.
-  The additional technical documents available on the GitHub.

=================================================================================

Version: 					2.0.1
Revision:					2.0
Release Date: 				March 17, 2019
Supported Splunk versions:	Splunk version 7.0.x, 7.1.x, 7.2.x
Splunk Cloud support:		Experiemental community support
Summary:

In this revision, 
- the revised Splunk support add-on does not support the legacy version of Splunk 
  (version 6.x and below);
- update the location of the reference and documentation location;
- Remove the trademark of HP since ArcSight has been sold to Micro Focus by HPE;
- Update the logos of the app;
- Update the app.manifest and make the explicit denial of the apps which have data 
  consistency and application reliability issue;